0 info it worked if it ends with ok
1 verbose cli [ '/usr/bin/nodejs', '/usr/bin/npm', 'run', 'server' ]
2 info using npm@4.1.2
3 info using node@v7.7.2
4 verbose run-script [ 'preserver', 'server', 'postserver' ]
5 info lifecycle universal-web-app@1.0.0~preserver: universal-web-app@1.0.0
6 silly lifecycle universal-web-app@1.0.0~preserver: no script for preserver, continuing
7 info lifecycle universal-web-app@1.0.0~server: universal-web-app@1.0.0
8 verbose lifecycle universal-web-app@1.0.0~server: unsafe-perm in lifecycle true
9 verbose lifecycle universal-web-app@1.0.0~server: PATH: /usr/lib/node_modules/npm/bin/node-gyp-bin:/home/bassam/Repos/frontend-recipes/node_modules/.bin:/home/bassam/bin:/home/bassam/.local/bin:/home/bassam/bin:/home/bassam/.local/bin:/usr/local/sbin:/usr/local/bin:/usr/sbin:/usr/bin:/sbin:/bin:/usr/games:/usr/local/games:/snap/bin:/snap/bin
10 verbose lifecycle universal-web-app@1.0.0~server: CWD: /home/bassam/Repos/frontend-recipes
11 silly lifecycle universal-web-app@1.0.0~server: Args: [ '-c', 'node server.js' ]
12 silly lifecycle universal-web-app@1.0.0~server: Returned: code: 1  signal: null
13 info lifecycle universal-web-app@1.0.0~server: Failed to exec server script
14 verbose stack Error: universal-web-app@1.0.0 server: `node server.js`
14 verbose stack Exit status 1
14 verbose stack     at EventEmitter.<anonymous> (/usr/lib/node_modules/npm/lib/utils/lifecycle.js:279:16)
14 verbose stack     at emitTwo (events.js:106:13)
14 verbose stack     at EventEmitter.emit (events.js:194:7)
14 verbose stack     at ChildProcess.<anonymous> (/usr/lib/node_modules/npm/lib/utils/spawn.js:40:14)
14 verbose stack     at emitTwo (events.js:106:13)
14 verbose stack     at ChildProcess.emit (events.js:194:7)
14 verbose stack     at maybeClose (internal/child_process.js:899:16)
14 verbose stack     at Process.ChildProcess._handle.onexit (internal/child_process.js:226:5)
15 verbose pkgid universal-web-app@1.0.0
16 verbose cwd /home/bassam/Repos/frontend-recipes
17 error Linux 4.8.0-41-generic
18 error argv "/usr/bin/nodejs" "/usr/bin/npm" "run" "server"
19 error node v7.7.2
20 error npm  v4.1.2
21 error code ELIFECYCLE
22 error universal-web-app@1.0.0 server: `node server.js`
22 error Exit status 1
23 error Failed at the universal-web-app@1.0.0 server script 'node server.js'.
23 error Make sure you have the latest version of node.js and npm installed.
23 error If you do, this is most likely a problem with the universal-web-app package,
23 error not with npm itself.
23 error Tell the author that this fails on your system:
23 error     node server.js
23 error You can get information on how to open an issue for this project with:
23 error     npm bugs universal-web-app
23 error Or if that isn't available, you can get their info via:
23 error     npm owner ls universal-web-app
23 error There is likely additional logging output above.
24 verbose exit [ 1, true ]
